<?xml version="1.0" encoding="UTF-8"?>
<coverage generated="1679232049014" clover="3.2.0">
  <project timestamp="1679232049014" name="All files">
    <metrics statements="134" coveredstatements="134" conditionals="24" coveredconditionals="24" methods="44" coveredmethods="42" elements="202" coveredelements="200" complexity="0" loc="134" ncloc="134" packages="1" files="2" classes="2"/>
    <file name="data-parser.ts" path="/home/tose/projects/ts-data-parser/src/data-parser.ts">
      <metrics statements="133" coveredstatements="133" conditionals="24" coveredconditionals="24" methods="44" coveredmethods="42"/>
      <line num="1" count="1" type="stmt"/>
      <line num="5" count="35" type="stmt"/>
      <line num="7" count="1" type="stmt"/>
      <line num="8" count="1" type="stmt"/>
      <line num="9" count="8" type="stmt"/>
      <line num="10" count="2" type="stmt"/>
      <line num="14" count="1" type="stmt"/>
      <line num="15" count="1" type="stmt"/>
      <line num="16" count="2" type="stmt"/>
      <line num="17" count="3" type="stmt"/>
      <line num="19" count="1" type="stmt"/>
      <line num="20" count="16" type="stmt"/>
      <line num="21" count="16" type="cond" truecount="1" falsecount="0"/>
      <line num="22" count="16" type="stmt"/>
      <line num="23" count="1" type="stmt"/>
      <line num="26" count="16" type="stmt"/>
      <line num="29" count="1" type="stmt"/>
      <line num="30" count="1" type="stmt"/>
      <line num="31" count="2" type="stmt"/>
      <line num="32" count="2" type="cond" truecount="1" falsecount="0"/>
      <line num="33" count="1" type="stmt"/>
      <line num="35" count="1" type="stmt"/>
      <line num="38" count="1" type="stmt"/>
      <line num="39" count="1" type="stmt"/>
      <line num="43" count="2" type="stmt"/>
      <line num="44" count="2" type="stmt"/>
      <line num="45" count="2" type="cond" truecount="1" falsecount="0"/>
      <line num="46" count="1" type="stmt"/>
      <line num="48" count="1" type="stmt"/>
      <line num="51" count="1" type="stmt"/>
      <line num="52" count="1" type="stmt"/>
      <line num="56" count="1" type="stmt"/>
      <line num="57" count="2" type="stmt"/>
      <line num="58" count="2" type="stmt"/>
      <line num="59" count="2" type="cond" truecount="1" falsecount="0"/>
      <line num="60" count="1" type="stmt"/>
      <line num="62" count="1" type="stmt"/>
      <line num="65" count="1" type="stmt"/>
      <line num="66" count="11" type="cond" truecount="1" falsecount="0"/>
      <line num="67" count="8" type="stmt"/>
      <line num="69" count="3" type="stmt"/>
      <line num="72" count="1" type="stmt"/>
      <line num="73" count="3" type="cond" truecount="1" falsecount="0"/>
      <line num="74" count="2" type="stmt"/>
      <line num="76" count="1" type="stmt"/>
      <line num="79" count="1" type="stmt"/>
      <line num="80" count="11" type="cond" truecount="1" falsecount="0"/>
      <line num="81" count="9" type="stmt"/>
      <line num="83" count="2" type="stmt"/>
      <line num="86" count="1" type="stmt"/>
      <line num="87" count="2" type="stmt"/>
      <line num="88" count="2" type="cond" truecount="1" falsecount="0"/>
      <line num="89" count="1" type="stmt"/>
      <line num="91" count="1" type="stmt"/>
      <line num="94" count="1" type="stmt"/>
      <line num="95" count="4" type="cond" truecount="3" falsecount="0"/>
      <line num="97" count="1" type="stmt"/>
      <line num="99" count="2" type="stmt"/>
      <line num="100" count="2" type="cond" truecount="1" falsecount="0"/>
      <line num="101" count="1" type="stmt"/>
      <line num="102" count="1" type="stmt"/>
      <line num="103" count="3" type="stmt"/>
      <line num="104" count="3" type="stmt"/>
      <line num="105" count="3" type="cond" truecount="2" falsecount="0"/>
      <line num="106" count="2" type="stmt"/>
      <line num="108" count="1" type="stmt"/>
      <line num="110" count="3" type="cond" truecount="1" falsecount="0"/>
      <line num="111" count="2" type="stmt"/>
      <line num="114" count="1" type="stmt"/>
      <line num="116" count="1" type="stmt"/>
      <line num="119" count="1" type="stmt"/>
      <line num="120" count="2" type="cond" truecount="1" falsecount="0"/>
      <line num="121" count="1" type="stmt"/>
      <line num="123" count="1" type="stmt"/>
      <line num="126" count="1" type="stmt"/>
      <line num="127" count="1" type="stmt"/>
      <line num="128" count="2" type="stmt"/>
      <line num="129" count="2" type="cond" truecount="1" falsecount="0"/>
      <line num="130" count="1" type="stmt"/>
      <line num="131" count="3" type="stmt"/>
      <line num="132" count="3" type="stmt"/>
      <line num="135" count="1" type="stmt"/>
      <line num="138" count="1" type="stmt"/>
      <line num="139" count="2" type="stmt"/>
      <line num="140" count="2" type="stmt"/>
      <line num="142" count="1" type="stmt"/>
      <line num="146" count="1" type="stmt"/>
      <line num="147" count="1" type="stmt"/>
      <line num="148" count="7" type="stmt"/>
      <line num="149" count="6" type="cond" truecount="1" falsecount="0"/>
      <line num="150" count="4" type="stmt"/>
      <line num="152" count="2" type="stmt"/>
      <line num="155" count="1" type="stmt"/>
      <line num="156" count="1" type="stmt"/>
      <line num="157" count="2" type="stmt"/>
      <line num="158" count="2" type="cond" truecount="1" falsecount="0"/>
      <line num="159" count="1" type="stmt"/>
      <line num="161" count="1" type="stmt"/>
      <line num="164" count="1" type="stmt"/>
      <line num="165" count="1" type="stmt"/>
      <line num="169" count="3" type="stmt"/>
      <line num="170" count="3" type="stmt"/>
      <line num="171" count="3" type="cond" truecount="3" falsecount="0"/>
      <line num="172" count="2" type="cond" truecount="1" falsecount="0"/>
      <line num="173" count="1" type="stmt"/>
      <line num="175" count="1" type="stmt"/>
      <line num="177" count="1" type="stmt"/>
      <line num="180" count="1" type="stmt"/>
      <line num="181" count="1" type="stmt"/>
      <line num="182" count="1" type="stmt"/>
      <line num="183" count="1" type="stmt"/>
      <line num="185" count="1" type="stmt"/>
      <line num="186" count="1" type="stmt"/>
      <line num="187" count="1" type="stmt"/>
      <line num="188" count="1" type="stmt"/>
      <line num="190" count="1" type="stmt"/>
      <line num="192" count="1" type="stmt"/>
      <line num="194" count="1" type="stmt"/>
      <line num="195" count="1" type="stmt"/>
      <line num="196" count="1" type="stmt"/>
      <line num="197" count="1" type="stmt"/>
      <line num="199" count="1" type="stmt"/>
      <line num="200" count="1" type="stmt"/>
      <line num="201" count="3" type="stmt"/>
      <line num="203" count="3" type="stmt"/>
      <line num="204" count="4" type="stmt"/>
      <line num="205" count="4" type="stmt"/>
      <line num="208" count="3" type="stmt"/>
      <line num="211" count="2" type="cond" truecount="1" falsecount="0"/>
      <line num="212" count="1" type="stmt"/>
      <line num="214" count="1" type="stmt"/>
      <line num="217" count="1" type="stmt"/>
      <line num="218" count="33" type="stmt"/>
    </file>
    <file name="index.ts" path="/home/tose/projects/ts-data-parser/src/index.ts">
      <metrics statements="1" coveredstatements="1" conditionals="0" coveredconditionals="0" methods="0" coveredmethods="0"/>
      <line num="1" count="1" type="stmt"/>
    </file>
  </project>
</coverage>
