{"/home/tose/projects/ts-data-parser/src/data-parser.ts": {"path":"/home/tose/projects/ts-data-parser/src/data-parser.ts","statementMap":{"0":{"start":{"line":1,"column":0},"end":{"line":1,"column":40}},"1":{"start":{"line":5,"column":29},"end":{"line":5,"column":55}},"2":{"start":{"line":5,"column":47},"end":{"line":5,"column":55}},"3":{"start":{"line":5,"column":53},"end":{"line":5,"column":55}},"4":{"start":{"line":5,"column":13},"end":{"line":5,"column":29}},"5":{"start":{"line":8,"column":2},"end":{"line":10,"column":19}},"6":{"start":{"line":9,"column":2},"end":{"line":10,"column":19}},"7":{"start":{"line":10,"column":4},"end":{"line":10,"column":19}},"8":{"start":{"line":7,"column":13},"end":{"line":7,"column":null}},"9":{"start":{"line":15,"column":2},"end":{"line":17,"column":21}},"10":{"start":{"line":16,"column":2},"end":{"line":17,"column":21}},"11":{"start":{"line":17,"column":4},"end":{"line":17,"column":21}},"12":{"start":{"line":14,"column":13},"end":{"line":14,"column":null}},"13":{"start":{"line":19,"column":21},"end":{"line":27,"column":1}},"14":{"start":{"line":20,"column":10},"end":{"line":20,"column":13}},"15":{"start":{"line":21,"column":2},"end":{"line":25,"column":null}},"16":{"start":{"line":22,"column":4},"end":{"line":24,"column":7}},"17":{"start":{"line":23,"column":6},"end":{"line":23,"column":22}},"18":{"start":{"line":26,"column":2},"end":{"line":26,"column":22}},"19":{"start":{"line":19,"column":13},"end":{"line":19,"column":21}},"20":{"start":{"line":30,"column":2},"end":{"line":33,"column":3}},"21":{"start":{"line":31,"column":2},"end":{"line":33,"column":3}},"22":{"start":{"line":32,"column":4},"end":{"line":32,"column":26}},"23":{"start":{"line":29,"column":13},"end":{"line":29,"column":null}},"24":{"start":{"line":36,"column":2},"end":{"line":39,"column":3}},"25":{"start":{"line":37,"column":2},"end":{"line":39,"column":3}},"26":{"start":{"line":38,"column":4},"end":{"line":38,"column":27}},"27":{"start":{"line":35,"column":13},"end":{"line":35,"column":null}},"28":{"start":{"line":42,"column":2},"end":{"line":52,"column":3}},"29":{"start":{"line":46,"column":2},"end":{"line":52,"column":3}},"30":{"start":{"line":47,"column":16},"end":{"line":47,"column":23}},"31":{"start":{"line":48,"column":4},"end":{"line":50,"column":null}},"32":{"start":{"line":49,"column":6},"end":{"line":49,"column":28}},"33":{"start":{"line":51,"column":4},"end":{"line":51,"column":26}},"34":{"start":{"line":41,"column":13},"end":{"line":41,"column":null}},"35":{"start":{"line":55,"column":2},"end":{"line":66,"column":3}},"36":{"start":{"line":59,"column":2},"end":{"line":66,"column":3}},"37":{"start":{"line":60,"column":19},"end":{"line":60,"column":33}},"38":{"start":{"line":61,"column":16},"end":{"line":61,"column":28}},"39":{"start":{"line":62,"column":4},"end":{"line":64,"column":null}},"40":{"start":{"line":63,"column":6},"end":{"line":63,"column":28}},"41":{"start":{"line":65,"column":4},"end":{"line":65,"column":18}},"42":{"start":{"line":54,"column":13},"end":{"line":54,"column":null}},"43":{"start":{"line":68,"column":47},"end":{"line":73,"column":1}},"44":{"start":{"line":69,"column":2},"end":{"line":71,"column":null}},"45":{"start":{"line":70,"column":4},"end":{"line":70,"column":13}},"46":{"start":{"line":72,"column":2},"end":{"line":72,"column":57}},"47":{"start":{"line":68,"column":13},"end":{"line":68,"column":47}},"48":{"start":{"line":75,"column":49},"end":{"line":80,"column":1}},"49":{"start":{"line":76,"column":2},"end":{"line":78,"column":null}},"50":{"start":{"line":77,"column":4},"end":{"line":77,"column":13}},"51":{"start":{"line":79,"column":2},"end":{"line":79,"column":58}},"52":{"start":{"line":75,"column":13},"end":{"line":75,"column":49}},"53":{"start":{"line":82,"column":47},"end":{"line":87,"column":1}},"54":{"start":{"line":83,"column":2},"end":{"line":85,"column":null}},"55":{"start":{"line":84,"column":4},"end":{"line":84,"column":13}},"56":{"start":{"line":86,"column":2},"end":{"line":86,"column":57}},"57":{"start":{"line":82,"column":13},"end":{"line":82,"column":47}},"58":{"start":{"line":89,"column":13},"end":{"line":101,"column":2}},"59":{"start":{"line":92,"column":4},"end":{"line":99,"column":null}},"60":{"start":{"line":93,"column":16},"end":{"line":93,"column":25}},"61":{"start":{"line":94,"column":6},"end":{"line":96,"column":null}},"62":{"start":{"line":95,"column":8},"end":{"line":95,"column":17}},"63":{"start":{"line":98,"column":6},"end":{"line":98,"column":68}},"64":{"start":{"line":103,"column":17},"end":{"line":104,"column":58}},"65":{"start":{"line":104,"column":2},"end":{"line":104,"column":58}},"66":{"start":{"line":108,"column":26},"end":{"line":126,"column":1}},"67":{"start":{"line":108,"column":37},"end":{"line":126,"column":1}},"68":{"start":{"line":109,"column":2},"end":{"line":124,"column":null}},"69":{"start":{"line":110,"column":19},"end":{"line":110,"column":21}},"70":{"start":{"line":111,"column":4},"end":{"line":122,"column":7}},"71":{"start":{"line":112,"column":19},"end":{"line":112,"column":67}},"72":{"start":{"line":113,"column":14},"end":{"line":113,"column":23}},"73":{"start":{"line":114,"column":6},"end":{"line":118,"column":null}},"74":{"start":{"line":115,"column":8},"end":{"line":115,"column":51}},"75":{"start":{"line":117,"column":8},"end":{"line":117,"column":45}},"76":{"start":{"line":119,"column":6},"end":{"line":121,"column":null}},"77":{"start":{"line":120,"column":8},"end":{"line":120,"column":21}},"78":{"start":{"line":123,"column":4},"end":{"line":123,"column":15}},"79":{"start":{"line":125,"column":2},"end":{"line":125,"column":58}},"80":{"start":{"line":106,"column":13},"end":{"line":106,"column":null}},"81":{"start":{"line":128,"column":47},"end":{"line":133,"column":1}},"82":{"start":{"line":129,"column":2},"end":{"line":131,"column":null}},"83":{"start":{"line":130,"column":4},"end":{"line":130,"column":13}},"84":{"start":{"line":132,"column":2},"end":{"line":132,"column":58}},"85":{"start":{"line":128,"column":13},"end":{"line":128,"column":47}},"86":{"start":{"line":136,"column":2},"end":{"line":145,"column":3}},"87":{"start":{"line":137,"column":2},"end":{"line":145,"column":3}},"88":{"start":{"line":138,"column":4},"end":{"line":143,"column":null}},"89":{"start":{"line":139,"column":6},"end":{"line":142,"column":9}},"90":{"start":{"line":140,"column":21},"end":{"line":140,"column":58}},"91":{"start":{"line":141,"column":8},"end":{"line":141,"column":29}},"92":{"start":{"line":144,"column":4},"end":{"line":144,"column":59}},"93":{"start":{"line":135,"column":13},"end":{"line":135,"column":null}},"94":{"start":{"line":147,"column":13},"end":{"line":153,"column":3}},"95":{"start":{"line":148,"column":2},"end":{"line":152,"column":null}},"96":{"start":{"line":149,"column":4},"end":{"line":149,"column":15}},"97":{"start":{"line":151,"column":4},"end":{"line":151,"column":32}},"98":{"start":{"line":156,"column":2},"end":{"line":162,"column":3}},"99":{"start":{"line":157,"column":2},"end":{"line":162,"column":3}},"100":{"start":{"line":158,"column":4},"end":{"line":160,"column":null}},"101":{"start":{"line":159,"column":6},"end":{"line":159,"column":23}},"102":{"start":{"line":161,"column":4},"end":{"line":161,"column":26}},"103":{"start":{"line":155,"column":13},"end":{"line":155,"column":null}},"104":{"start":{"line":165,"column":2},"end":{"line":171,"column":3}},"105":{"start":{"line":166,"column":2},"end":{"line":171,"column":3}},"106":{"start":{"line":167,"column":4},"end":{"line":169,"column":null}},"107":{"start":{"line":168,"column":6},"end":{"line":168,"column":18}},"108":{"start":{"line":170,"column":4},"end":{"line":170,"column":26}},"109":{"start":{"line":164,"column":13},"end":{"line":164,"column":null}},"110":{"start":{"line":174,"column":2},"end":{"line":187,"column":3}},"111":{"start":{"line":178,"column":2},"end":{"line":187,"column":3}},"112":{"start":{"line":179,"column":14},"end":{"line":179,"column":28}},"113":{"start":{"line":180,"column":4},"end":{"line":185,"column":null}},"114":{"start":{"line":181,"column":6},"end":{"line":183,"column":null}},"115":{"start":{"line":182,"column":8},"end":{"line":182,"column":21}},"116":{"start":{"line":184,"column":6},"end":{"line":184,"column":17}},"117":{"start":{"line":186,"column":4},"end":{"line":186,"column":13}},"118":{"start":{"line":173,"column":13},"end":{"line":173,"column":null}},"119":{"start":{"line":190,"column":2},"end":{"line":192,"column":21}},"120":{"start":{"line":191,"column":2},"end":{"line":192,"column":21}},"121":{"start":{"line":192,"column":4},"end":{"line":192,"column":21}},"122":{"start":{"line":189,"column":13},"end":{"line":189,"column":null}},"123":{"start":{"line":195,"column":2},"end":{"line":197,"column":5}},"124":{"start":{"line":196,"column":2},"end":{"line":197,"column":5}},"125":{"start":{"line":197,"column":4},"end":{"line":197,"column":5}},"126":{"start":{"line":194,"column":13},"end":{"line":194,"column":null}},"127":{"start":{"line":199,"column":24},"end":{"line":199,"column":56}},"128":{"start":{"line":199,"column":55},"end":{"line":199,"column":56}},"129":{"start":{"line":199,"column":13},"end":{"line":199,"column":24}},"130":{"start":{"line":201,"column":23},"end":{"line":201,"column":58}},"131":{"start":{"line":201,"column":57},"end":{"line":201,"column":58}},"132":{"start":{"line":201,"column":13},"end":{"line":201,"column":23}},"133":{"start":{"line":204,"column":2},"end":{"line":206,"column":8}},"134":{"start":{"line":205,"column":2},"end":{"line":206,"column":8}},"135":{"start":{"line":206,"column":4},"end":{"line":206,"column":8}},"136":{"start":{"line":203,"column":13},"end":{"line":203,"column":null}},"137":{"start":{"line":209,"column":2},"end":{"line":224,"column":3}},"138":{"start":{"line":210,"column":2},"end":{"line":224,"column":3}},"139":{"start":{"line":212,"column":4},"end":{"line":219,"column":null}},"140":{"start":{"line":213,"column":6},"end":{"line":218,"column":null}},"141":{"start":{"line":214,"column":8},"end":{"line":214,"column":30}},"142":{"start":{"line":217,"column":8},"end":{"line":217,"column":16}},"143":{"start":{"line":220,"column":4},"end":{"line":222,"column":null}},"144":{"start":{"line":221,"column":6},"end":{"line":221,"column":16}},"145":{"start":{"line":223,"column":4},"end":{"line":223,"column":40}},"146":{"start":{"line":208,"column":13},"end":{"line":208,"column":null}},"147":{"start":{"line":226,"column":25},"end":{"line":227,"column":28}},"148":{"start":{"line":227,"column":2},"end":{"line":227,"column":28}},"149":{"start":{"line":226,"column":13},"end":{"line":226,"column":25}}},"fnMap":{"0":{"name":"(anonymous_1)","decl":{"start":{"line":5,"column":29},"end":{"line":5,"column":44}},"loc":{"start":{"line":5,"column":47},"end":{"line":5,"column":55}}},"1":{"name":"(anonymous_2)","decl":{"start":{"line":5,"column":47},"end":{"line":5,"column":50}},"loc":{"start":{"line":5,"column":53},"end":{"line":5,"column":55}}},"2":{"name":"(anonymous_3)","decl":{"start":{"line":8,"column":2},"end":{"line":8,"column":3}},"loc":{"start":{"line":9,"column":2},"end":{"line":10,"column":19}}},"3":{"name":"(anonymous_4)","decl":{"start":{"line":9,"column":2},"end":{"line":9,"column":5}},"loc":{"start":{"line":10,"column":4},"end":{"line":10,"column":19}}},"4":{"name":"(anonymous_5)","decl":{"start":{"line":15,"column":2},"end":{"line":15,"column":12}},"loc":{"start":{"line":16,"column":2},"end":{"line":17,"column":21}}},"5":{"name":"(anonymous_6)","decl":{"start":{"line":16,"column":2},"end":{"line":16,"column":3}},"loc":{"start":{"line":17,"column":4},"end":{"line":17,"column":21}}},"6":{"name":"(anonymous_7)","decl":{"start":{"line":19,"column":21},"end":{"line":19,"column":22}},"loc":{"start":{"line":19,"column":54},"end":{"line":27,"column":1}}},"7":{"name":"(anonymous_8)","decl":{"start":{"line":22,"column":18},"end":{"line":22,"column":19}},"loc":{"start":{"line":22,"column":24},"end":{"line":24,"column":5}}},"8":{"name":"(anonymous_9)","decl":{"start":{"line":30,"column":2},"end":{"line":30,"column":9}},"loc":{"start":{"line":31,"column":2},"end":{"line":33,"column":3}}},"9":{"name":"(anonymous_10)","decl":{"start":{"line":31,"column":2},"end":{"line":31,"column":3}},"loc":{"start":{"line":31,"column":13},"end":{"line":33,"column":3}}},"10":{"name":"(anonymous_11)","decl":{"start":{"line":36,"column":2},"end":{"line":36,"column":9}},"loc":{"start":{"line":37,"column":2},"end":{"line":39,"column":3}}},"11":{"name":"(anonymous_12)","decl":{"start":{"line":37,"column":2},"end":{"line":37,"column":3}},"loc":{"start":{"line":37,"column":13},"end":{"line":39,"column":3}}},"12":{"name":"(anonymous_13)","decl":{"start":{"line":42,"column":2},"end":{"line":42,"column":null}},"loc":{"start":{"line":46,"column":2},"end":{"line":52,"column":3}}},"13":{"name":"(anonymous_14)","decl":{"start":{"line":46,"column":2},"end":{"line":46,"column":3}},"loc":{"start":{"line":46,"column":13},"end":{"line":52,"column":3}}},"14":{"name":"(anonymous_15)","decl":{"start":{"line":55,"column":2},"end":{"line":55,"column":null}},"loc":{"start":{"line":59,"column":2},"end":{"line":66,"column":3}}},"15":{"name":"(anonymous_16)","decl":{"start":{"line":59,"column":2},"end":{"line":59,"column":3}},"loc":{"start":{"line":59,"column":13},"end":{"line":66,"column":3}}},"16":{"name":"(anonymous_17)","decl":{"start":{"line":68,"column":47},"end":{"line":68,"column":48}},"loc":{"start":{"line":68,"column":58},"end":{"line":73,"column":1}}},"17":{"name":"(anonymous_18)","decl":{"start":{"line":75,"column":49},"end":{"line":75,"column":50}},"loc":{"start":{"line":75,"column":60},"end":{"line":80,"column":1}}},"18":{"name":"(anonymous_19)","decl":{"start":{"line":82,"column":47},"end":{"line":82,"column":48}},"loc":{"start":{"line":82,"column":58},"end":{"line":87,"column":1}}},"19":{"name":"(anonymous_20)","decl":{"start":{"line":91,"column":2},"end":{"line":91,"column":3}},"loc":{"start":{"line":91,"column":13},"end":{"line":100,"column":3}}},"20":{"name":"(anonymous_21)","decl":{"start":{"line":103,"column":17},"end":{"line":103,"column":18}},"loc":{"start":{"line":104,"column":2},"end":{"line":104,"column":58}}},"21":{"name":"(anonymous_22)","decl":{"start":{"line":108,"column":26},"end":{"line":108,"column":27}},"loc":{"start":{"line":108,"column":37},"end":{"line":126,"column":1}}},"22":{"name":"(anonymous_23)","decl":{"start":{"line":108,"column":37},"end":{"line":108,"column":38}},"loc":{"start":{"line":108,"column":48},"end":{"line":126,"column":1}}},"23":{"name":"(anonymous_24)","decl":{"start":{"line":111,"column":34},"end":{"line":111,"column":35}},"loc":{"start":{"line":111,"column":52},"end":{"line":122,"column":5}}},"24":{"name":"(anonymous_25)","decl":{"start":{"line":128,"column":47},"end":{"line":128,"column":48}},"loc":{"start":{"line":128,"column":58},"end":{"line":133,"column":1}}},"25":{"name":"(anonymous_26)","decl":{"start":{"line":136,"column":2},"end":{"line":136,"column":9}},"loc":{"start":{"line":137,"column":2},"end":{"line":145,"column":3}}},"26":{"name":"(anonymous_27)","decl":{"start":{"line":137,"column":2},"end":{"line":137,"column":3}},"loc":{"start":{"line":137,"column":13},"end":{"line":145,"column":3}}},"27":{"name":"(anonymous_28)","decl":{"start":{"line":139,"column":19},"end":{"line":139,"column":20}},"loc":{"start":{"line":139,"column":28},"end":{"line":142,"column":7}}},"28":{"name":"(anonymous_29)","decl":{"start":{"line":147,"column":41},"end":{"line":147,"column":42}},"loc":{"start":{"line":147,"column":47},"end":{"line":153,"column":1}}},"29":{"name":"(anonymous_30)","decl":{"start":{"line":156,"column":2},"end":{"line":156,"column":9}},"loc":{"start":{"line":157,"column":2},"end":{"line":162,"column":3}}},"30":{"name":"(anonymous_31)","decl":{"start":{"line":157,"column":2},"end":{"line":157,"column":3}},"loc":{"start":{"line":157,"column":13},"end":{"line":162,"column":3}}},"31":{"name":"(anonymous_32)","decl":{"start":{"line":165,"column":2},"end":{"line":165,"column":9}},"loc":{"start":{"line":166,"column":2},"end":{"line":171,"column":3}}},"32":{"name":"(anonymous_33)","decl":{"start":{"line":166,"column":2},"end":{"line":166,"column":3}},"loc":{"start":{"line":166,"column":13},"end":{"line":171,"column":3}}},"33":{"name":"(anonymous_34)","decl":{"start":{"line":174,"column":2},"end":{"line":174,"column":null}},"loc":{"start":{"line":178,"column":2},"end":{"line":187,"column":3}}},"34":{"name":"(anonymous_35)","decl":{"start":{"line":178,"column":2},"end":{"line":178,"column":3}},"loc":{"start":{"line":178,"column":13},"end":{"line":187,"column":3}}},"35":{"name":"(anonymous_36)","decl":{"start":{"line":190,"column":2},"end":{"line":190,"column":12}},"loc":{"start":{"line":191,"column":2},"end":{"line":192,"column":21}}},"36":{"name":"(anonymous_37)","decl":{"start":{"line":191,"column":2},"end":{"line":191,"column":3}},"loc":{"start":{"line":192,"column":4},"end":{"line":192,"column":21}}},"37":{"name":"(anonymous_38)","decl":{"start":{"line":195,"column":2},"end":{"line":195,"column":9}},"loc":{"start":{"line":196,"column":2},"end":{"line":197,"column":5}}},"38":{"name":"(anonymous_39)","decl":{"start":{"line":196,"column":2},"end":{"line":196,"column":3}},"loc":{"start":{"line":197,"column":4},"end":{"line":197,"column":5}}},"39":{"name":"(anonymous_40)","decl":{"start":{"line":199,"column":24},"end":{"line":199,"column":28}},"loc":{"start":{"line":199,"column":55},"end":{"line":199,"column":56}}},"40":{"name":"(anonymous_41)","decl":{"start":{"line":201,"column":23},"end":{"line":201,"column":24}},"loc":{"start":{"line":201,"column":57},"end":{"line":201,"column":58}}},"41":{"name":"(anonymous_42)","decl":{"start":{"line":204,"column":2},"end":{"line":204,"column":9}},"loc":{"start":{"line":205,"column":2},"end":{"line":206,"column":8}}},"42":{"name":"(anonymous_43)","decl":{"start":{"line":205,"column":2},"end":{"line":205,"column":3}},"loc":{"start":{"line":206,"column":4},"end":{"line":206,"column":8}}},"43":{"name":"(anonymous_44)","decl":{"start":{"line":209,"column":2},"end":{"line":209,"column":9}},"loc":{"start":{"line":210,"column":2},"end":{"line":224,"column":3}}},"44":{"name":"(anonymous_45)","decl":{"start":{"line":210,"column":2},"end":{"line":210,"column":3}},"loc":{"start":{"line":210,"column":28},"end":{"line":224,"column":3}}},"45":{"name":"(anonymous_46)","decl":{"start":{"line":226,"column":25},"end":{"line":226,"column":32}},"loc":{"start":{"line":227,"column":2},"end":{"line":227,"column":28}}}},"branchMap":{"0":{"loc":{"start":{"line":21,"column":2},"end":{"line":25,"column":null}},"type":"if","locations":[{"start":{"line":21,"column":2},"end":{"line":25,"column":null}}]},"1":{"loc":{"start":{"line":48,"column":4},"end":{"line":50,"column":null}},"type":"if","locations":[{"start":{"line":48,"column":4},"end":{"line":50,"column":null}}]},"2":{"loc":{"start":{"line":62,"column":4},"end":{"line":64,"column":null}},"type":"if","locations":[{"start":{"line":62,"column":4},"end":{"line":64,"column":null}}]},"3":{"loc":{"start":{"line":69,"column":2},"end":{"line":71,"column":null}},"type":"if","locations":[{"start":{"line":69,"column":2},"end":{"line":71,"column":null}}]},"4":{"loc":{"start":{"line":76,"column":2},"end":{"line":78,"column":null}},"type":"if","locations":[{"start":{"line":76,"column":2},"end":{"line":78,"column":null}}]},"5":{"loc":{"start":{"line":83,"column":2},"end":{"line":85,"column":null}},"type":"if","locations":[{"start":{"line":83,"column":2},"end":{"line":85,"column":null}}]},"6":{"loc":{"start":{"line":94,"column":6},"end":{"line":96,"column":null}},"type":"if","locations":[{"start":{"line":94,"column":6},"end":{"line":96,"column":null}}]},"7":{"loc":{"start":{"line":104,"column":2},"end":{"line":104,"column":58}},"type":"binary-expr","locations":[{"start":{"line":104,"column":2},"end":{"line":104,"column":23}},{"start":{"line":104,"column":27},"end":{"line":104,"column":37}},{"start":{"line":104,"column":41},"end":{"line":104,"column":58}}]},"8":{"loc":{"start":{"line":109,"column":2},"end":{"line":124,"column":null}},"type":"if","locations":[{"start":{"line":109,"column":2},"end":{"line":124,"column":null}}]},"9":{"loc":{"start":{"line":114,"column":6},"end":{"line":118,"column":null}},"type":"if","locations":[{"start":{"line":114,"column":6},"end":{"line":118,"column":null}},{"start":{"line":116,"column":13},"end":{"line":118,"column":null}}]},"10":{"loc":{"start":{"line":119,"column":6},"end":{"line":121,"column":null}},"type":"if","locations":[{"start":{"line":119,"column":6},"end":{"line":121,"column":null}}]},"11":{"loc":{"start":{"line":129,"column":2},"end":{"line":131,"column":null}},"type":"if","locations":[{"start":{"line":129,"column":2},"end":{"line":131,"column":null}}]},"12":{"loc":{"start":{"line":138,"column":4},"end":{"line":143,"column":null}},"type":"if","locations":[{"start":{"line":138,"column":4},"end":{"line":143,"column":null}}]},"13":{"loc":{"start":{"line":158,"column":4},"end":{"line":160,"column":null}},"type":"if","locations":[{"start":{"line":158,"column":4},"end":{"line":160,"column":null}}]},"14":{"loc":{"start":{"line":167,"column":4},"end":{"line":169,"column":null}},"type":"if","locations":[{"start":{"line":167,"column":4},"end":{"line":169,"column":null}}]},"15":{"loc":{"start":{"line":180,"column":4},"end":{"line":185,"column":null}},"type":"if","locations":[{"start":{"line":180,"column":4},"end":{"line":185,"column":null}}]},"16":{"loc":{"start":{"line":180,"column":8},"end":{"line":180,"column":37}},"type":"binary-expr","locations":[{"start":{"line":180,"column":8},"end":{"line":180,"column":18}},{"start":{"line":180,"column":22},"end":{"line":180,"column":37}}]},"17":{"loc":{"start":{"line":181,"column":6},"end":{"line":183,"column":null}},"type":"if","locations":[{"start":{"line":181,"column":6},"end":{"line":183,"column":null}}]},"18":{"loc":{"start":{"line":220,"column":4},"end":{"line":222,"column":null}},"type":"if","locations":[{"start":{"line":220,"column":4},"end":{"line":222,"column":null}}]}},"s":{"0":1,"1":1,"2":6,"3":0,"4":1,"5":1,"6":6,"7":0,"8":1,"9":1,"10":1,"11":1,"12":1,"13":1,"14":0,"15":0,"16":0,"17":0,"18":0,"19":1,"20":1,"21":0,"22":0,"23":1,"24":1,"25":0,"26":0,"27":1,"28":1,"29":0,"30":0,"31":0,"32":0,"33":0,"34":1,"35":1,"36":1,"37":0,"38":0,"39":0,"40":0,"41":0,"42":1,"43":1,"44":3,"45":3,"46":0,"47":1,"48":1,"49":2,"50":2,"51":0,"52":1,"53":1,"54":4,"55":4,"56":0,"57":1,"58":1,"59":1,"60":1,"61":1,"62":1,"63":0,"64":1,"65":1,"66":1,"67":1,"68":1,"69":1,"70":1,"71":3,"72":3,"73":3,"74":2,"75":1,"76":3,"77":2,"78":1,"79":0,"80":1,"81":1,"82":0,"83":0,"84":0,"85":1,"86":1,"87":1,"88":1,"89":1,"90":3,"91":3,"92":0,"93":1,"94":1,"95":0,"96":0,"97":0,"98":1,"99":1,"100":1,"101":1,"102":0,"103":1,"104":1,"105":0,"106":0,"107":0,"108":0,"109":1,"110":1,"111":0,"112":0,"113":0,"114":0,"115":0,"116":0,"117":0,"118":1,"119":1,"120":0,"121":0,"122":1,"123":1,"124":0,"125":0,"126":1,"127":1,"128":0,"129":1,"130":1,"131":0,"132":1,"133":1,"134":0,"135":0,"136":1,"137":1,"138":0,"139":0,"140":0,"141":0,"142":0,"143":0,"144":0,"145":0,"146":1,"147":1,"148":6,"149":1},"f":{"0":6,"1":0,"2":6,"3":0,"4":1,"5":1,"6":0,"7":0,"8":0,"9":0,"10":0,"11":0,"12":0,"13":0,"14":1,"15":0,"16":3,"17":2,"18":4,"19":1,"20":1,"21":1,"22":1,"23":3,"24":0,"25":1,"26":1,"27":3,"28":0,"29":1,"30":1,"31":0,"32":0,"33":0,"34":0,"35":0,"36":0,"37":0,"38":0,"39":0,"40":0,"41":0,"42":0,"43":0,"44":0,"45":6},"b":{"0":[0],"1":[0],"2":[0],"3":[3],"4":[2],"5":[4],"6":[1],"7":[1,1,1],"8":[1],"9":[2,1],"10":[2],"11":[0],"12":[1],"13":[1],"14":[0],"15":[0],"16":[0,0],"17":[0],"18":[0]}}
,"/home/tose/projects/ts-data-parser/src/index.ts": {"path":"/home/tose/projects/ts-data-parser/src/index.ts","statementMap":{"0":{"start":{"line":1,"column":0},"end":{"line":1,"column":30}}},"fnMap":{},"branchMap":{},"s":{"0":1},"f":{},"b":{}}
}
