{"/home/tose/projects/ts-data-parser/src/data-parser.ts": {"path":"/home/tose/projects/ts-data-parser/src/data-parser.ts","statementMap":{"0":{"start":{"line":1,"column":0},"end":{"line":1,"column":40}},"1":{"start":{"line":5,"column":29},"end":{"line":5,"column":55}},"2":{"start":{"line":5,"column":47},"end":{"line":5,"column":55}},"3":{"start":{"line":5,"column":53},"end":{"line":5,"column":55}},"4":{"start":{"line":5,"column":13},"end":{"line":5,"column":29}},"5":{"start":{"line":8,"column":2},"end":{"line":10,"column":19}},"6":{"start":{"line":9,"column":2},"end":{"line":10,"column":19}},"7":{"start":{"line":10,"column":4},"end":{"line":10,"column":19}},"8":{"start":{"line":7,"column":13},"end":{"line":7,"column":null}},"9":{"start":{"line":15,"column":2},"end":{"line":17,"column":21}},"10":{"start":{"line":16,"column":2},"end":{"line":17,"column":21}},"11":{"start":{"line":17,"column":4},"end":{"line":17,"column":21}},"12":{"start":{"line":14,"column":13},"end":{"line":14,"column":null}},"13":{"start":{"line":19,"column":21},"end":{"line":27,"column":1}},"14":{"start":{"line":20,"column":10},"end":{"line":20,"column":13}},"15":{"start":{"line":21,"column":2},"end":{"line":25,"column":null}},"16":{"start":{"line":22,"column":4},"end":{"line":24,"column":7}},"17":{"start":{"line":23,"column":6},"end":{"line":23,"column":22}},"18":{"start":{"line":26,"column":2},"end":{"line":26,"column":22}},"19":{"start":{"line":19,"column":13},"end":{"line":19,"column":21}},"20":{"start":{"line":30,"column":2},"end":{"line":36,"column":3}},"21":{"start":{"line":31,"column":2},"end":{"line":36,"column":3}},"22":{"start":{"line":32,"column":4},"end":{"line":34,"column":null}},"23":{"start":{"line":33,"column":6},"end":{"line":33,"column":31}},"24":{"start":{"line":35,"column":4},"end":{"line":35,"column":26}},"25":{"start":{"line":29,"column":13},"end":{"line":29,"column":null}},"26":{"start":{"line":39,"column":2},"end":{"line":49,"column":3}},"27":{"start":{"line":43,"column":2},"end":{"line":49,"column":3}},"28":{"start":{"line":44,"column":16},"end":{"line":44,"column":23}},"29":{"start":{"line":45,"column":4},"end":{"line":47,"column":null}},"30":{"start":{"line":46,"column":6},"end":{"line":46,"column":28}},"31":{"start":{"line":48,"column":4},"end":{"line":48,"column":26}},"32":{"start":{"line":38,"column":13},"end":{"line":38,"column":null}},"33":{"start":{"line":52,"column":2},"end":{"line":63,"column":3}},"34":{"start":{"line":56,"column":2},"end":{"line":63,"column":3}},"35":{"start":{"line":57,"column":19},"end":{"line":57,"column":33}},"36":{"start":{"line":58,"column":16},"end":{"line":58,"column":28}},"37":{"start":{"line":59,"column":4},"end":{"line":61,"column":null}},"38":{"start":{"line":60,"column":6},"end":{"line":60,"column":28}},"39":{"start":{"line":62,"column":4},"end":{"line":62,"column":18}},"40":{"start":{"line":51,"column":13},"end":{"line":51,"column":null}},"41":{"start":{"line":65,"column":47},"end":{"line":70,"column":1}},"42":{"start":{"line":66,"column":2},"end":{"line":68,"column":null}},"43":{"start":{"line":67,"column":4},"end":{"line":67,"column":13}},"44":{"start":{"line":69,"column":2},"end":{"line":69,"column":57}},"45":{"start":{"line":65,"column":13},"end":{"line":65,"column":47}},"46":{"start":{"line":72,"column":49},"end":{"line":77,"column":1}},"47":{"start":{"line":73,"column":2},"end":{"line":75,"column":null}},"48":{"start":{"line":74,"column":4},"end":{"line":74,"column":13}},"49":{"start":{"line":76,"column":2},"end":{"line":76,"column":58}},"50":{"start":{"line":72,"column":13},"end":{"line":72,"column":49}},"51":{"start":{"line":79,"column":47},"end":{"line":84,"column":1}},"52":{"start":{"line":80,"column":2},"end":{"line":82,"column":null}},"53":{"start":{"line":81,"column":4},"end":{"line":81,"column":13}},"54":{"start":{"line":83,"column":2},"end":{"line":83,"column":57}},"55":{"start":{"line":79,"column":13},"end":{"line":79,"column":47}},"56":{"start":{"line":86,"column":13},"end":{"line":92,"column":3}},"57":{"start":{"line":87,"column":12},"end":{"line":87,"column":21}},"58":{"start":{"line":88,"column":2},"end":{"line":90,"column":null}},"59":{"start":{"line":89,"column":4},"end":{"line":89,"column":66}},"60":{"start":{"line":91,"column":2},"end":{"line":91,"column":11}},"61":{"start":{"line":94,"column":17},"end":{"line":95,"column":58}},"62":{"start":{"line":95,"column":2},"end":{"line":95,"column":58}},"63":{"start":{"line":99,"column":26},"end":{"line":117,"column":1}},"64":{"start":{"line":99,"column":37},"end":{"line":117,"column":1}},"65":{"start":{"line":100,"column":2},"end":{"line":115,"column":null}},"66":{"start":{"line":101,"column":19},"end":{"line":101,"column":21}},"67":{"start":{"line":102,"column":4},"end":{"line":113,"column":7}},"68":{"start":{"line":103,"column":19},"end":{"line":103,"column":67}},"69":{"start":{"line":104,"column":14},"end":{"line":104,"column":23}},"70":{"start":{"line":105,"column":6},"end":{"line":109,"column":null}},"71":{"start":{"line":106,"column":8},"end":{"line":106,"column":51}},"72":{"start":{"line":108,"column":8},"end":{"line":108,"column":45}},"73":{"start":{"line":110,"column":6},"end":{"line":112,"column":null}},"74":{"start":{"line":111,"column":8},"end":{"line":111,"column":21}},"75":{"start":{"line":114,"column":4},"end":{"line":114,"column":15}},"76":{"start":{"line":116,"column":2},"end":{"line":116,"column":58}},"77":{"start":{"line":97,"column":13},"end":{"line":97,"column":null}},"78":{"start":{"line":119,"column":47},"end":{"line":124,"column":1}},"79":{"start":{"line":120,"column":2},"end":{"line":122,"column":null}},"80":{"start":{"line":121,"column":4},"end":{"line":121,"column":13}},"81":{"start":{"line":123,"column":2},"end":{"line":123,"column":58}},"82":{"start":{"line":119,"column":13},"end":{"line":119,"column":47}},"83":{"start":{"line":127,"column":2},"end":{"line":136,"column":3}},"84":{"start":{"line":128,"column":2},"end":{"line":136,"column":3}},"85":{"start":{"line":129,"column":4},"end":{"line":134,"column":null}},"86":{"start":{"line":130,"column":6},"end":{"line":133,"column":9}},"87":{"start":{"line":131,"column":21},"end":{"line":131,"column":58}},"88":{"start":{"line":132,"column":8},"end":{"line":132,"column":29}},"89":{"start":{"line":135,"column":4},"end":{"line":135,"column":59}},"90":{"start":{"line":126,"column":13},"end":{"line":126,"column":null}},"91":{"start":{"line":138,"column":13},"end":{"line":144,"column":3}},"92":{"start":{"line":139,"column":2},"end":{"line":143,"column":null}},"93":{"start":{"line":140,"column":4},"end":{"line":140,"column":15}},"94":{"start":{"line":142,"column":4},"end":{"line":142,"column":32}},"95":{"start":{"line":147,"column":2},"end":{"line":153,"column":3}},"96":{"start":{"line":148,"column":2},"end":{"line":153,"column":3}},"97":{"start":{"line":149,"column":4},"end":{"line":151,"column":null}},"98":{"start":{"line":150,"column":6},"end":{"line":150,"column":23}},"99":{"start":{"line":152,"column":4},"end":{"line":152,"column":26}},"100":{"start":{"line":146,"column":13},"end":{"line":146,"column":null}},"101":{"start":{"line":156,"column":2},"end":{"line":162,"column":3}},"102":{"start":{"line":157,"column":2},"end":{"line":162,"column":3}},"103":{"start":{"line":158,"column":4},"end":{"line":160,"column":null}},"104":{"start":{"line":159,"column":6},"end":{"line":159,"column":18}},"105":{"start":{"line":161,"column":4},"end":{"line":161,"column":26}},"106":{"start":{"line":155,"column":13},"end":{"line":155,"column":null}},"107":{"start":{"line":165,"column":2},"end":{"line":178,"column":3}},"108":{"start":{"line":169,"column":2},"end":{"line":178,"column":3}},"109":{"start":{"line":170,"column":14},"end":{"line":170,"column":28}},"110":{"start":{"line":171,"column":4},"end":{"line":176,"column":null}},"111":{"start":{"line":172,"column":6},"end":{"line":174,"column":null}},"112":{"start":{"line":173,"column":8},"end":{"line":173,"column":21}},"113":{"start":{"line":175,"column":6},"end":{"line":175,"column":17}},"114":{"start":{"line":177,"column":4},"end":{"line":177,"column":13}},"115":{"start":{"line":164,"column":13},"end":{"line":164,"column":null}},"116":{"start":{"line":181,"column":2},"end":{"line":183,"column":21}},"117":{"start":{"line":182,"column":2},"end":{"line":183,"column":21}},"118":{"start":{"line":183,"column":4},"end":{"line":183,"column":21}},"119":{"start":{"line":180,"column":13},"end":{"line":180,"column":null}},"120":{"start":{"line":186,"column":2},"end":{"line":188,"column":5}},"121":{"start":{"line":187,"column":2},"end":{"line":188,"column":5}},"122":{"start":{"line":188,"column":4},"end":{"line":188,"column":5}},"123":{"start":{"line":185,"column":13},"end":{"line":185,"column":null}},"124":{"start":{"line":190,"column":24},"end":{"line":190,"column":56}},"125":{"start":{"line":190,"column":55},"end":{"line":190,"column":56}},"126":{"start":{"line":190,"column":13},"end":{"line":190,"column":24}},"127":{"start":{"line":192,"column":23},"end":{"line":192,"column":58}},"128":{"start":{"line":192,"column":57},"end":{"line":192,"column":58}},"129":{"start":{"line":192,"column":13},"end":{"line":192,"column":23}},"130":{"start":{"line":195,"column":2},"end":{"line":197,"column":8}},"131":{"start":{"line":196,"column":2},"end":{"line":197,"column":8}},"132":{"start":{"line":197,"column":4},"end":{"line":197,"column":8}},"133":{"start":{"line":194,"column":13},"end":{"line":194,"column":null}},"134":{"start":{"line":200,"column":2},"end":{"line":215,"column":3}},"135":{"start":{"line":201,"column":2},"end":{"line":215,"column":3}},"136":{"start":{"line":203,"column":4},"end":{"line":210,"column":null}},"137":{"start":{"line":204,"column":6},"end":{"line":209,"column":null}},"138":{"start":{"line":205,"column":8},"end":{"line":205,"column":30}},"139":{"start":{"line":208,"column":8},"end":{"line":208,"column":16}},"140":{"start":{"line":211,"column":4},"end":{"line":213,"column":null}},"141":{"start":{"line":212,"column":6},"end":{"line":212,"column":16}},"142":{"start":{"line":214,"column":4},"end":{"line":214,"column":40}},"143":{"start":{"line":199,"column":13},"end":{"line":199,"column":null}},"144":{"start":{"line":217,"column":25},"end":{"line":218,"column":28}},"145":{"start":{"line":218,"column":2},"end":{"line":218,"column":28}},"146":{"start":{"line":217,"column":13},"end":{"line":217,"column":25}}},"fnMap":{"0":{"name":"(anonymous_1)","decl":{"start":{"line":5,"column":29},"end":{"line":5,"column":44}},"loc":{"start":{"line":5,"column":47},"end":{"line":5,"column":55}}},"1":{"name":"(anonymous_2)","decl":{"start":{"line":5,"column":47},"end":{"line":5,"column":50}},"loc":{"start":{"line":5,"column":53},"end":{"line":5,"column":55}}},"2":{"name":"(anonymous_3)","decl":{"start":{"line":8,"column":2},"end":{"line":8,"column":3}},"loc":{"start":{"line":9,"column":2},"end":{"line":10,"column":19}}},"3":{"name":"(anonymous_4)","decl":{"start":{"line":9,"column":2},"end":{"line":9,"column":5}},"loc":{"start":{"line":10,"column":4},"end":{"line":10,"column":19}}},"4":{"name":"(anonymous_5)","decl":{"start":{"line":15,"column":2},"end":{"line":15,"column":12}},"loc":{"start":{"line":16,"column":2},"end":{"line":17,"column":21}}},"5":{"name":"(anonymous_6)","decl":{"start":{"line":16,"column":2},"end":{"line":16,"column":3}},"loc":{"start":{"line":17,"column":4},"end":{"line":17,"column":21}}},"6":{"name":"(anonymous_7)","decl":{"start":{"line":19,"column":21},"end":{"line":19,"column":22}},"loc":{"start":{"line":19,"column":54},"end":{"line":27,"column":1}}},"7":{"name":"(anonymous_8)","decl":{"start":{"line":22,"column":18},"end":{"line":22,"column":19}},"loc":{"start":{"line":22,"column":24},"end":{"line":24,"column":5}}},"8":{"name":"(anonymous_9)","decl":{"start":{"line":30,"column":2},"end":{"line":30,"column":9}},"loc":{"start":{"line":31,"column":2},"end":{"line":36,"column":3}}},"9":{"name":"(anonymous_10)","decl":{"start":{"line":31,"column":2},"end":{"line":31,"column":3}},"loc":{"start":{"line":31,"column":13},"end":{"line":36,"column":3}}},"10":{"name":"(anonymous_11)","decl":{"start":{"line":39,"column":2},"end":{"line":39,"column":null}},"loc":{"start":{"line":43,"column":2},"end":{"line":49,"column":3}}},"11":{"name":"(anonymous_12)","decl":{"start":{"line":43,"column":2},"end":{"line":43,"column":3}},"loc":{"start":{"line":43,"column":13},"end":{"line":49,"column":3}}},"12":{"name":"(anonymous_13)","decl":{"start":{"line":52,"column":2},"end":{"line":52,"column":null}},"loc":{"start":{"line":56,"column":2},"end":{"line":63,"column":3}}},"13":{"name":"(anonymous_14)","decl":{"start":{"line":56,"column":2},"end":{"line":56,"column":3}},"loc":{"start":{"line":56,"column":13},"end":{"line":63,"column":3}}},"14":{"name":"(anonymous_15)","decl":{"start":{"line":65,"column":47},"end":{"line":65,"column":48}},"loc":{"start":{"line":65,"column":58},"end":{"line":70,"column":1}}},"15":{"name":"(anonymous_16)","decl":{"start":{"line":72,"column":49},"end":{"line":72,"column":50}},"loc":{"start":{"line":72,"column":60},"end":{"line":77,"column":1}}},"16":{"name":"(anonymous_17)","decl":{"start":{"line":79,"column":47},"end":{"line":79,"column":48}},"loc":{"start":{"line":79,"column":58},"end":{"line":84,"column":1}}},"17":{"name":"(anonymous_18)","decl":{"start":{"line":86,"column":65},"end":{"line":86,"column":66}},"loc":{"start":{"line":86,"column":76},"end":{"line":92,"column":1}}},"18":{"name":"(anonymous_19)","decl":{"start":{"line":94,"column":17},"end":{"line":94,"column":18}},"loc":{"start":{"line":95,"column":2},"end":{"line":95,"column":58}}},"19":{"name":"(anonymous_20)","decl":{"start":{"line":99,"column":26},"end":{"line":99,"column":27}},"loc":{"start":{"line":99,"column":37},"end":{"line":117,"column":1}}},"20":{"name":"(anonymous_21)","decl":{"start":{"line":99,"column":37},"end":{"line":99,"column":38}},"loc":{"start":{"line":99,"column":48},"end":{"line":117,"column":1}}},"21":{"name":"(anonymous_22)","decl":{"start":{"line":102,"column":34},"end":{"line":102,"column":35}},"loc":{"start":{"line":102,"column":52},"end":{"line":113,"column":5}}},"22":{"name":"(anonymous_23)","decl":{"start":{"line":119,"column":47},"end":{"line":119,"column":48}},"loc":{"start":{"line":119,"column":58},"end":{"line":124,"column":1}}},"23":{"name":"(anonymous_24)","decl":{"start":{"line":127,"column":2},"end":{"line":127,"column":9}},"loc":{"start":{"line":128,"column":2},"end":{"line":136,"column":3}}},"24":{"name":"(anonymous_25)","decl":{"start":{"line":128,"column":2},"end":{"line":128,"column":3}},"loc":{"start":{"line":128,"column":13},"end":{"line":136,"column":3}}},"25":{"name":"(anonymous_26)","decl":{"start":{"line":130,"column":19},"end":{"line":130,"column":20}},"loc":{"start":{"line":130,"column":28},"end":{"line":133,"column":7}}},"26":{"name":"(anonymous_27)","decl":{"start":{"line":138,"column":41},"end":{"line":138,"column":42}},"loc":{"start":{"line":138,"column":47},"end":{"line":144,"column":1}}},"27":{"name":"(anonymous_28)","decl":{"start":{"line":147,"column":2},"end":{"line":147,"column":9}},"loc":{"start":{"line":148,"column":2},"end":{"line":153,"column":3}}},"28":{"name":"(anonymous_29)","decl":{"start":{"line":148,"column":2},"end":{"line":148,"column":3}},"loc":{"start":{"line":148,"column":13},"end":{"line":153,"column":3}}},"29":{"name":"(anonymous_30)","decl":{"start":{"line":156,"column":2},"end":{"line":156,"column":9}},"loc":{"start":{"line":157,"column":2},"end":{"line":162,"column":3}}},"30":{"name":"(anonymous_31)","decl":{"start":{"line":157,"column":2},"end":{"line":157,"column":3}},"loc":{"start":{"line":157,"column":13},"end":{"line":162,"column":3}}},"31":{"name":"(anonymous_32)","decl":{"start":{"line":165,"column":2},"end":{"line":165,"column":null}},"loc":{"start":{"line":169,"column":2},"end":{"line":178,"column":3}}},"32":{"name":"(anonymous_33)","decl":{"start":{"line":169,"column":2},"end":{"line":169,"column":3}},"loc":{"start":{"line":169,"column":13},"end":{"line":178,"column":3}}},"33":{"name":"(anonymous_34)","decl":{"start":{"line":181,"column":2},"end":{"line":181,"column":12}},"loc":{"start":{"line":182,"column":2},"end":{"line":183,"column":21}}},"34":{"name":"(anonymous_35)","decl":{"start":{"line":182,"column":2},"end":{"line":182,"column":3}},"loc":{"start":{"line":183,"column":4},"end":{"line":183,"column":21}}},"35":{"name":"(anonymous_36)","decl":{"start":{"line":186,"column":2},"end":{"line":186,"column":9}},"loc":{"start":{"line":187,"column":2},"end":{"line":188,"column":5}}},"36":{"name":"(anonymous_37)","decl":{"start":{"line":187,"column":2},"end":{"line":187,"column":3}},"loc":{"start":{"line":188,"column":4},"end":{"line":188,"column":5}}},"37":{"name":"(anonymous_38)","decl":{"start":{"line":190,"column":24},"end":{"line":190,"column":28}},"loc":{"start":{"line":190,"column":55},"end":{"line":190,"column":56}}},"38":{"name":"(anonymous_39)","decl":{"start":{"line":192,"column":23},"end":{"line":192,"column":24}},"loc":{"start":{"line":192,"column":57},"end":{"line":192,"column":58}}},"39":{"name":"(anonymous_40)","decl":{"start":{"line":195,"column":2},"end":{"line":195,"column":9}},"loc":{"start":{"line":196,"column":2},"end":{"line":197,"column":8}}},"40":{"name":"(anonymous_41)","decl":{"start":{"line":196,"column":2},"end":{"line":196,"column":3}},"loc":{"start":{"line":197,"column":4},"end":{"line":197,"column":8}}},"41":{"name":"(anonymous_42)","decl":{"start":{"line":200,"column":2},"end":{"line":200,"column":9}},"loc":{"start":{"line":201,"column":2},"end":{"line":215,"column":3}}},"42":{"name":"(anonymous_43)","decl":{"start":{"line":201,"column":2},"end":{"line":201,"column":3}},"loc":{"start":{"line":201,"column":28},"end":{"line":215,"column":3}}},"43":{"name":"(anonymous_44)","decl":{"start":{"line":217,"column":25},"end":{"line":217,"column":32}},"loc":{"start":{"line":218,"column":2},"end":{"line":218,"column":28}}}},"branchMap":{"0":{"loc":{"start":{"line":21,"column":2},"end":{"line":25,"column":null}},"type":"if","locations":[{"start":{"line":21,"column":2},"end":{"line":25,"column":null}}]},"1":{"loc":{"start":{"line":32,"column":4},"end":{"line":34,"column":null}},"type":"if","locations":[{"start":{"line":32,"column":4},"end":{"line":34,"column":null}}]},"2":{"loc":{"start":{"line":45,"column":4},"end":{"line":47,"column":null}},"type":"if","locations":[{"start":{"line":45,"column":4},"end":{"line":47,"column":null}}]},"3":{"loc":{"start":{"line":59,"column":4},"end":{"line":61,"column":null}},"type":"if","locations":[{"start":{"line":59,"column":4},"end":{"line":61,"column":null}}]},"4":{"loc":{"start":{"line":66,"column":2},"end":{"line":68,"column":null}},"type":"if","locations":[{"start":{"line":66,"column":2},"end":{"line":68,"column":null}}]},"5":{"loc":{"start":{"line":73,"column":2},"end":{"line":75,"column":null}},"type":"if","locations":[{"start":{"line":73,"column":2},"end":{"line":75,"column":null}}]},"6":{"loc":{"start":{"line":80,"column":2},"end":{"line":82,"column":null}},"type":"if","locations":[{"start":{"line":80,"column":2},"end":{"line":82,"column":null}}]},"7":{"loc":{"start":{"line":88,"column":2},"end":{"line":90,"column":null}},"type":"if","locations":[{"start":{"line":88,"column":2},"end":{"line":90,"column":null}}]},"8":{"loc":{"start":{"line":95,"column":2},"end":{"line":95,"column":58}},"type":"binary-expr","locations":[{"start":{"line":95,"column":2},"end":{"line":95,"column":23}},{"start":{"line":95,"column":27},"end":{"line":95,"column":37}},{"start":{"line":95,"column":41},"end":{"line":95,"column":58}}]},"9":{"loc":{"start":{"line":100,"column":2},"end":{"line":115,"column":null}},"type":"if","locations":[{"start":{"line":100,"column":2},"end":{"line":115,"column":null}}]},"10":{"loc":{"start":{"line":105,"column":6},"end":{"line":109,"column":null}},"type":"if","locations":[{"start":{"line":105,"column":6},"end":{"line":109,"column":null}},{"start":{"line":107,"column":13},"end":{"line":109,"column":null}}]},"11":{"loc":{"start":{"line":110,"column":6},"end":{"line":112,"column":null}},"type":"if","locations":[{"start":{"line":110,"column":6},"end":{"line":112,"column":null}}]},"12":{"loc":{"start":{"line":120,"column":2},"end":{"line":122,"column":null}},"type":"if","locations":[{"start":{"line":120,"column":2},"end":{"line":122,"column":null}}]},"13":{"loc":{"start":{"line":129,"column":4},"end":{"line":134,"column":null}},"type":"if","locations":[{"start":{"line":129,"column":4},"end":{"line":134,"column":null}}]},"14":{"loc":{"start":{"line":149,"column":4},"end":{"line":151,"column":null}},"type":"if","locations":[{"start":{"line":149,"column":4},"end":{"line":151,"column":null}}]},"15":{"loc":{"start":{"line":158,"column":4},"end":{"line":160,"column":null}},"type":"if","locations":[{"start":{"line":158,"column":4},"end":{"line":160,"column":null}}]},"16":{"loc":{"start":{"line":171,"column":4},"end":{"line":176,"column":null}},"type":"if","locations":[{"start":{"line":171,"column":4},"end":{"line":176,"column":null}}]},"17":{"loc":{"start":{"line":171,"column":8},"end":{"line":171,"column":37}},"type":"binary-expr","locations":[{"start":{"line":171,"column":8},"end":{"line":171,"column":18}},{"start":{"line":171,"column":22},"end":{"line":171,"column":37}}]},"18":{"loc":{"start":{"line":172,"column":6},"end":{"line":174,"column":null}},"type":"if","locations":[{"start":{"line":172,"column":6},"end":{"line":174,"column":null}}]},"19":{"loc":{"start":{"line":211,"column":4},"end":{"line":213,"column":null}},"type":"if","locations":[{"start":{"line":211,"column":4},"end":{"line":213,"column":null}}]}},"s":{"0":1,"1":1,"2":35,"3":18,"4":1,"5":1,"6":8,"7":2,"8":1,"9":1,"10":2,"11":3,"12":1,"13":1,"14":16,"15":16,"16":16,"17":1,"18":16,"19":1,"20":1,"21":2,"22":2,"23":1,"24":1,"25":1,"26":1,"27":2,"28":2,"29":2,"30":1,"31":1,"32":1,"33":1,"34":1,"35":2,"36":2,"37":2,"38":1,"39":1,"40":1,"41":1,"42":11,"43":8,"44":3,"45":1,"46":1,"47":3,"48":2,"49":1,"50":1,"51":1,"52":11,"53":9,"54":2,"55":1,"56":1,"57":2,"58":2,"59":1,"60":1,"61":1,"62":4,"63":1,"64":2,"65":2,"66":1,"67":1,"68":3,"69":3,"70":3,"71":2,"72":1,"73":3,"74":2,"75":1,"76":1,"77":1,"78":1,"79":2,"80":1,"81":1,"82":1,"83":1,"84":2,"85":2,"86":1,"87":3,"88":3,"89":1,"90":1,"91":1,"92":2,"93":2,"94":1,"95":1,"96":7,"97":6,"98":4,"99":2,"100":1,"101":1,"102":2,"103":2,"104":1,"105":1,"106":1,"107":1,"108":3,"109":3,"110":3,"111":2,"112":1,"113":1,"114":1,"115":1,"116":1,"117":1,"118":1,"119":1,"120":1,"121":1,"122":1,"123":1,"124":1,"125":0,"126":1,"127":1,"128":0,"129":1,"130":1,"131":1,"132":1,"133":1,"134":1,"135":3,"136":3,"137":4,"138":4,"139":3,"140":2,"141":1,"142":1,"143":1,"144":1,"145":33,"146":1},"f":{"0":35,"1":18,"2":8,"3":2,"4":2,"5":3,"6":16,"7":1,"8":2,"9":2,"10":2,"11":2,"12":1,"13":2,"14":11,"15":3,"16":11,"17":2,"18":4,"19":2,"20":2,"21":3,"22":2,"23":2,"24":2,"25":3,"26":2,"27":7,"28":6,"29":2,"30":2,"31":3,"32":3,"33":1,"34":1,"35":1,"36":1,"37":0,"38":0,"39":1,"40":1,"41":3,"42":3,"43":33},"b":{"0":[16],"1":[1],"2":[1],"3":[1],"4":[8],"5":[2],"6":[9],"7":[1],"8":[4,2,2],"9":[1],"10":[2,1],"11":[2],"12":[1],"13":[1],"14":[4],"15":[1],"16":[2],"17":[3,3],"18":[1],"19":[1]}}
,"/home/tose/projects/ts-data-parser/src/index.ts": {"path":"/home/tose/projects/ts-data-parser/src/index.ts","statementMap":{"0":{"start":{"line":1,"column":0},"end":{"line":1,"column":30}}},"fnMap":{},"branchMap":{},"s":{"0":1},"f":{},"b":{}}
}
