TN:
SF:src/data-parser.ts
FN:5,(anonymous_1)
FN:5,(anonymous_2)
FN:8,(anonymous_3)
FN:9,(anonymous_4)
FN:15,(anonymous_5)
FN:16,(anonymous_6)
FN:19,(anonymous_7)
FN:22,(anonymous_8)
FN:30,(anonymous_9)
FN:31,(anonymous_10)
FN:39,(anonymous_11)
FN:43,(anonymous_12)
FN:52,(anonymous_13)
FN:56,(anonymous_14)
FN:65,(anonymous_15)
FN:72,(anonymous_16)
FN:79,(anonymous_17)
FN:86,(anonymous_18)
FN:94,(anonymous_19)
FN:99,(anonymous_20)
FN:99,(anonymous_21)
FN:102,(anonymous_22)
FN:119,(anonymous_23)
FN:127,(anonymous_24)
FN:128,(anonymous_25)
FN:130,(anonymous_26)
FN:138,(anonymous_27)
FN:147,(anonymous_28)
FN:148,(anonymous_29)
FN:156,(anonymous_30)
FN:157,(anonymous_31)
FN:165,(anonymous_32)
FN:169,(anonymous_33)
FN:181,(anonymous_34)
FN:182,(anonymous_35)
FN:186,(anonymous_36)
FN:187,(anonymous_37)
FN:190,(anonymous_38)
FN:192,(anonymous_39)
FN:195,(anonymous_40)
FN:196,(anonymous_41)
FN:200,(anonymous_42)
FN:201,(anonymous_43)
FN:217,(anonymous_44)
FNF:44
FNH:42
FNDA:35,(anonymous_1)
FNDA:18,(anonymous_2)
FNDA:8,(anonymous_3)
FNDA:2,(anonymous_4)
FNDA:2,(anonymous_5)
FNDA:3,(anonymous_6)
FNDA:16,(anonymous_7)
FNDA:1,(anonymous_8)
FNDA:2,(anonymous_9)
FNDA:2,(anonymous_10)
FNDA:2,(anonymous_11)
FNDA:2,(anonymous_12)
FNDA:1,(anonymous_13)
FNDA:2,(anonymous_14)
FNDA:11,(anonymous_15)
FNDA:3,(anonymous_16)
FNDA:11,(anonymous_17)
FNDA:2,(anonymous_18)
FNDA:4,(anonymous_19)
FNDA:2,(anonymous_20)
FNDA:2,(anonymous_21)
FNDA:3,(anonymous_22)
FNDA:2,(anonymous_23)
FNDA:2,(anonymous_24)
FNDA:2,(anonymous_25)
FNDA:3,(anonymous_26)
FNDA:2,(anonymous_27)
FNDA:7,(anonymous_28)
FNDA:6,(anonymous_29)
FNDA:2,(anonymous_30)
FNDA:2,(anonymous_31)
FNDA:3,(anonymous_32)
FNDA:3,(anonymous_33)
FNDA:1,(anonymous_34)
FNDA:1,(anonymous_35)
FNDA:1,(anonymous_36)
FNDA:1,(anonymous_37)
FNDA:0,(anonymous_38)
FNDA:0,(anonymous_39)
FNDA:1,(anonymous_40)
FNDA:1,(anonymous_41)
FNDA:3,(anonymous_42)
FNDA:3,(anonymous_43)
FNDA:33,(anonymous_44)
DA:1,1
DA:5,35
DA:7,1
DA:8,1
DA:9,8
DA:10,2
DA:14,1
DA:15,1
DA:16,2
DA:17,3
DA:19,1
DA:20,16
DA:21,16
DA:22,16
DA:23,1
DA:26,16
DA:29,1
DA:30,1
DA:31,2
DA:32,2
DA:33,1
DA:35,1
DA:38,1
DA:39,1
DA:43,2
DA:44,2
DA:45,2
DA:46,1
DA:48,1
DA:51,1
DA:52,1
DA:56,1
DA:57,2
DA:58,2
DA:59,2
DA:60,1
DA:62,1
DA:65,1
DA:66,11
DA:67,8
DA:69,3
DA:72,1
DA:73,3
DA:74,2
DA:76,1
DA:79,1
DA:80,11
DA:81,9
DA:83,2
DA:86,1
DA:87,2
DA:88,2
DA:89,1
DA:91,1
DA:94,1
DA:95,4
DA:97,1
DA:99,2
DA:100,2
DA:101,1
DA:102,1
DA:103,3
DA:104,3
DA:105,3
DA:106,2
DA:108,1
DA:110,3
DA:111,2
DA:114,1
DA:116,1
DA:119,1
DA:120,2
DA:121,1
DA:123,1
DA:126,1
DA:127,1
DA:128,2
DA:129,2
DA:130,1
DA:131,3
DA:132,3
DA:135,1
DA:138,1
DA:139,2
DA:140,2
DA:142,1
DA:146,1
DA:147,1
DA:148,7
DA:149,6
DA:150,4
DA:152,2
DA:155,1
DA:156,1
DA:157,2
DA:158,2
DA:159,1
DA:161,1
DA:164,1
DA:165,1
DA:169,3
DA:170,3
DA:171,3
DA:172,2
DA:173,1
DA:175,1
DA:177,1
DA:180,1
DA:181,1
DA:182,1
DA:183,1
DA:185,1
DA:186,1
DA:187,1
DA:188,1
DA:190,1
DA:192,1
DA:194,1
DA:195,1
DA:196,1
DA:197,1
DA:199,1
DA:200,1
DA:201,3
DA:203,3
DA:204,4
DA:205,4
DA:208,3
DA:211,2
DA:212,1
DA:214,1
DA:217,1
DA:218,33
LF:133
LH:133
BRDA:21,0,0,16
BRDA:32,1,0,1
BRDA:45,2,0,1
BRDA:59,3,0,1
BRDA:66,4,0,8
BRDA:73,5,0,2
BRDA:80,6,0,9
BRDA:88,7,0,1
BRDA:95,8,0,4
BRDA:95,8,1,2
BRDA:95,8,2,2
BRDA:100,9,0,1
BRDA:105,10,0,2
BRDA:105,10,1,1
BRDA:110,11,0,2
BRDA:120,12,0,1
BRDA:129,13,0,1
BRDA:149,14,0,4
BRDA:158,15,0,1
BRDA:171,16,0,2
BRDA:171,17,0,3
BRDA:171,17,1,3
BRDA:172,18,0,1
BRDA:211,19,0,1
BRF:24
BRH:24
end_of_record
TN:
SF:src/index.ts
FNF:0
FNH:0
DA:1,1
LF:1
LH:1
BRF:0
BRH:0
end_of_record
