TN:
SF:src/data-parser.ts
FN:5,(anonymous_1)
FN:5,(anonymous_2)
FN:8,(anonymous_3)
FN:9,(anonymous_4)
FN:15,(anonymous_5)
FN:16,(anonymous_6)
FN:19,(anonymous_7)
FN:22,(anonymous_8)
FN:30,(anonymous_9)
FN:31,(anonymous_10)
FN:36,(anonymous_11)
FN:37,(anonymous_12)
FN:42,(anonymous_13)
FN:46,(anonymous_14)
FN:55,(anonymous_15)
FN:59,(anonymous_16)
FN:68,(anonymous_17)
FN:75,(anonymous_18)
FN:82,(anonymous_19)
FN:91,(anonymous_20)
FN:103,(anonymous_21)
FN:108,(anonymous_22)
FN:108,(anonymous_23)
FN:111,(anonymous_24)
FN:128,(anonymous_25)
FN:136,(anonymous_26)
FN:137,(anonymous_27)
FN:139,(anonymous_28)
FN:147,(anonymous_29)
FN:156,(anonymous_30)
FN:157,(anonymous_31)
FN:165,(anonymous_32)
FN:166,(anonymous_33)
FN:174,(anonymous_34)
FN:178,(anonymous_35)
FN:190,(anonymous_36)
FN:191,(anonymous_37)
FN:195,(anonymous_38)
FN:196,(anonymous_39)
FN:199,(anonymous_40)
FN:201,(anonymous_41)
FN:204,(anonymous_42)
FN:205,(anonymous_43)
FN:209,(anonymous_44)
FN:210,(anonymous_45)
FN:226,(anonymous_46)
FNF:46
FNH:19
FNDA:6,(anonymous_1)
FNDA:0,(anonymous_2)
FNDA:6,(anonymous_3)
FNDA:0,(anonymous_4)
FNDA:1,(anonymous_5)
FNDA:1,(anonymous_6)
FNDA:0,(anonymous_7)
FNDA:0,(anonymous_8)
FNDA:0,(anonymous_9)
FNDA:0,(anonymous_10)
FNDA:0,(anonymous_11)
FNDA:0,(anonymous_12)
FNDA:0,(anonymous_13)
FNDA:0,(anonymous_14)
FNDA:1,(anonymous_15)
FNDA:0,(anonymous_16)
FNDA:3,(anonymous_17)
FNDA:2,(anonymous_18)
FNDA:4,(anonymous_19)
FNDA:1,(anonymous_20)
FNDA:1,(anonymous_21)
FNDA:1,(anonymous_22)
FNDA:1,(anonymous_23)
FNDA:3,(anonymous_24)
FNDA:0,(anonymous_25)
FNDA:1,(anonymous_26)
FNDA:1,(anonymous_27)
FNDA:3,(anonymous_28)
FNDA:0,(anonymous_29)
FNDA:1,(anonymous_30)
FNDA:1,(anonymous_31)
FNDA:0,(anonymous_32)
FNDA:0,(anonymous_33)
FNDA:0,(anonymous_34)
FNDA:0,(anonymous_35)
FNDA:0,(anonymous_36)
FNDA:0,(anonymous_37)
FNDA:0,(anonymous_38)
FNDA:0,(anonymous_39)
FNDA:0,(anonymous_40)
FNDA:0,(anonymous_41)
FNDA:0,(anonymous_42)
FNDA:0,(anonymous_43)
FNDA:0,(anonymous_44)
FNDA:0,(anonymous_45)
FNDA:6,(anonymous_46)
DA:1,1
DA:5,6
DA:7,1
DA:8,1
DA:9,6
DA:10,0
DA:14,1
DA:15,1
DA:16,1
DA:17,1
DA:19,1
DA:20,0
DA:21,0
DA:22,0
DA:23,0
DA:26,0
DA:29,1
DA:30,1
DA:31,0
DA:32,0
DA:35,1
DA:36,1
DA:37,0
DA:38,0
DA:41,1
DA:42,1
DA:46,0
DA:47,0
DA:48,0
DA:49,0
DA:51,0
DA:54,1
DA:55,1
DA:59,1
DA:60,0
DA:61,0
DA:62,0
DA:63,0
DA:65,0
DA:68,1
DA:69,3
DA:70,3
DA:72,0
DA:75,1
DA:76,2
DA:77,2
DA:79,0
DA:82,1
DA:83,4
DA:84,4
DA:86,0
DA:89,1
DA:92,1
DA:93,1
DA:94,1
DA:95,1
DA:98,0
DA:103,1
DA:104,1
DA:106,1
DA:108,1
DA:109,1
DA:110,1
DA:111,1
DA:112,3
DA:113,3
DA:114,3
DA:115,2
DA:117,1
DA:119,3
DA:120,2
DA:123,1
DA:125,0
DA:128,1
DA:129,0
DA:130,0
DA:132,0
DA:135,1
DA:136,1
DA:137,1
DA:138,1
DA:139,1
DA:140,3
DA:141,3
DA:144,0
DA:147,1
DA:148,0
DA:149,0
DA:151,0
DA:155,1
DA:156,1
DA:157,1
DA:158,1
DA:159,1
DA:161,0
DA:164,1
DA:165,1
DA:166,0
DA:167,0
DA:168,0
DA:170,0
DA:173,1
DA:174,1
DA:178,0
DA:179,0
DA:180,0
DA:181,0
DA:182,0
DA:184,0
DA:186,0
DA:189,1
DA:190,1
DA:191,0
DA:192,0
DA:194,1
DA:195,1
DA:196,0
DA:197,0
DA:199,1
DA:201,1
DA:203,1
DA:204,1
DA:205,0
DA:206,0
DA:208,1
DA:209,1
DA:210,0
DA:212,0
DA:213,0
DA:214,0
DA:217,0
DA:220,0
DA:221,0
DA:223,0
DA:226,1
DA:227,6
LF:136
LH:78
BRDA:21,0,0,0
BRDA:48,1,0,0
BRDA:62,2,0,0
BRDA:69,3,0,3
BRDA:76,4,0,2
BRDA:83,5,0,4
BRDA:94,6,0,1
BRDA:104,7,0,1
BRDA:104,7,1,1
BRDA:104,7,2,1
BRDA:109,8,0,1
BRDA:114,9,0,2
BRDA:114,9,1,1
BRDA:119,10,0,2
BRDA:129,11,0,0
BRDA:138,12,0,1
BRDA:158,13,0,1
BRDA:167,14,0,0
BRDA:180,15,0,0
BRDA:180,16,0,0
BRDA:180,16,1,0
BRDA:181,17,0,0
BRDA:220,18,0,0
BRF:23
BRH:13
end_of_record
TN:
SF:src/index.ts
FNF:0
FNH:0
DA:1,1
LF:1
LH:1
BRF:0
BRH:0
end_of_record
